use syncBN
use syncBN
use syncBN
preparing HRNet
preparing HRNet
use syncBN
parallel training model setup
preparing HRNet
preparing HRNet
parallel training model setup
parallel training model setup
parallel training model setup
resume from 144
resume from 144
resume from 144
resume from 144
syncBN dataloader
---epoch start-----
Traceback (most recent call last):
  File "/data/users/hwt/anaconda3/envs/pytorchenv/lib/python3.6/runpy.py", line 193, in _run_module_as_main
    "__main__", mod_spec)
  File "/data/users/hwt/anaconda3/envs/pytorchenv/lib/python3.6/runpy.py", line 85, in _run_code
    exec(code, run_globals)
  File "/data/users/hwt/anaconda3/envs/pytorchenv/lib/python3.6/site-packages/torch/distributed/launch.py", line 246, in <module>
    main()
  File "/data/users/hwt/anaconda3/envs/pytorchenv/lib/python3.6/site-packages/torch/distributed/launch.py", line 242, in main
    cmd=cmd)
subprocess.CalledProcessError: Command '['/data/users/hwt/anaconda3/envs/pytorchenv/bin/python', '-u', 'train.py', '--local_rank=3', '--cfg', 'experiments/HRNet_test_gray.yaml']' died with <Signals.SIGKILL: 9>.
*****************************************
Setting OMP_NUM_THREADS environment variable for each process to be 1 in default, to avoid your system being overloaded, please further tune the variable for optimal performance in your application as needed. 
*****************************************
syncBN dataloader
---epoch start-----
