********
epoch:1    time:119.61214995384216
train_loss: 1.0448350111643474
********
epoch:1    time:121.79640293121338
train_loss: 1.0300336182117462
********
epoch:2    time:210.2121822834015
train_loss: 0.7798521717389425
********
epoch:3    time:299.31885027885437
train_loss: 0.6799111322120384
********
epoch:4    time:389.2737376689911
train_loss: 0.6158526197627738
********
epoch:5    time:478.08852767944336
train_loss: 0.5685535934236314
********
epoch:6    time:566.6192126274109
train_loss: 0.5398091204740383
********
epoch:7    time:655.9320766925812
train_loss: 0.5119077149364684
********
epoch:8    time:744.7479231357574
train_loss: 0.48491672343677944
********
epoch:9    time:834.1506624221802
train_loss: 0.465388337219203
********
epoch:10    time:923.757385969162
train_loss: 0.4531599724734271
kappa: 0.5944918792220357

oa: 69.65942719907407

********
epoch:11    time:2148.337202310562
train_loss: 0.4306609398788876
********
epoch:12    time:2236.6068058013916
train_loss: 0.41376522348986733
********
epoch:13    time:2325.5817568302155
train_loss: 0.3937985880507363
********
epoch:14    time:2414.807694911957
train_loss: 0.3933612604935964
********
epoch:15    time:2503.2981967926025
train_loss: 0.3801409999529521
********
epoch:16    time:2592.5771176815033
train_loss: 0.3543172279993693
********
epoch:17    time:2682.246698141098
train_loss: 0.3388987310506679
********
epoch:18    time:2771.9516611099243
train_loss: 0.3597584433025784
********
epoch:19    time:2860.6061265468597
train_loss: 0.3355136458520536
********
epoch:20    time:2949.588126182556
train_loss: 0.31546676876368346
kappa: 0.6662586399824074

oa: 75.14201863425926

********
epoch:21    time:4171.76330947876
train_loss: 0.31281109043845423
********
epoch:22    time:4260.727326393127
train_loss: 0.2952497664977003
********
epoch:23    time:4351.030904054642
train_loss: 0.2774801618523068
********
epoch:24    time:4440.455495119095
train_loss: 0.2684521090101313
********
epoch:25    time:4529.956951856613
train_loss: 0.256772523952855
********
epoch:26    time:4618.66384935379
train_loss: 0.24427789587665488
********
epoch:27    time:4708.694097042084
train_loss: 0.26502097204879477
********
epoch:28    time:4798.7090129852295
train_loss: 0.2891343564346985
********
epoch:29    time:4888.904294013977
train_loss: 0.26354587933531515
********
epoch:30    time:4977.933858394623
train_loss: 0.22630598506441824
kappa: 0.6820843594626727

oa: 76.27405219907406

********
epoch:31    time:6191.338992595673
train_loss: 0.20731987831769166
********
epoch:32    time:6280.763434886932
train_loss: 0.2029808963890429
********
epoch:33    time:6371.106959104538
train_loss: 0.19439312318960825
********
epoch:34    time:6460.039073467255
train_loss: 0.18365570240550572
********
epoch:35    time:6549.269482851028
train_loss: 0.17889720615413454
********
epoch:36    time:6638.978102684021
train_loss: 0.17738089268958127
********
epoch:37    time:6728.7480227947235
train_loss: 0.16764721274375916
********
epoch:38    time:6818.554396867752
train_loss: 0.16487019536671815
********
epoch:39    time:6908.0336883068085
train_loss: 0.15763279712862438
********
epoch:40    time:6997.092806339264
train_loss: 0.15194638818502426
kappa: 0.7340434384759765

oa: 80.21650243055556

********
epoch:41    time:8214.511574029922
train_loss: 0.14769108179542753
********
epoch:42    time:8304.022664546967
train_loss: 0.14157542337973913
********
epoch:43    time:8393.045264482498
train_loss: 0.14329465864985078
********
epoch:44    time:8481.674170732498
train_loss: 0.13443262612930051
********
epoch:45    time:8570.085101604462
train_loss: 0.13672584736788715
********
epoch:46    time:8659.37657904625
train_loss: 0.1280045306517018
********
epoch:47    time:8748.554326295853
train_loss: 0.13063527215962056
********
epoch:48    time:8837.93312215805
train_loss: 0.12560592398599343
********
epoch:49    time:8926.792448759079
train_loss: 0.11694075305152822
********
epoch:50    time:9015.996381044388
train_loss: 0.1172341290447447
kappa: 0.7553878631333196

oa: 81.89033761574075

********
epoch:51    time:19301.22589635849
train_loss: 0.11535113484219268
********
epoch:52    time:19389.990264892578
train_loss: 0.12452320630351703
********
epoch:53    time:19479.96664571762
train_loss: 0.16295196033186382
********
epoch:54    time:19569.73010993004
train_loss: 0.23991201017741803
********
epoch:55    time:19659.179916143417
train_loss: 0.15933247710819598
********
epoch:56    time:19748.859362363815
train_loss: 0.13373809914897988
update learning rate: 0.000200 -> 0.000040
********
epoch:57    time:19838.231358528137
train_loss: 0.10818875456849734
********
epoch:58    time:19928.34036922455
train_loss: 0.10255348365064021
********
epoch:59    time:20017.70313334465
train_loss: 0.10003419758545028
********
epoch:60    time:20107.91366815567
train_loss: 0.09702799400245701
kappa: 0.7697205285900072

oa: 82.94703981481481

********
epoch:61    time:23758.967097997665
train_loss: 0.09618182797674779
********
epoch:62    time:23848.42178750038
train_loss: 0.09492646502675833
********
epoch:63    time:23938.295854330063
train_loss: 0.09317222030626403
********
epoch:64    time:24028.360530138016
train_loss: 0.09152891431693677
********
epoch:65    time:24117.980343580246
train_loss: 0.08961834675735897
********
epoch:66    time:24207.075592517853
train_loss: 0.08988548953224111
********
epoch:67    time:24297.33291053772
train_loss: 0.08840196207165718
********
epoch:68    time:24387.346906900406
train_loss: 0.08796120434999466
********
epoch:69    time:24477.394013643265
train_loss: 0.08769814449327963resume from 69
resume from 69
resume from 69
resume from 69
resume from 69
resume from 69
resume from 69
resume from 69
resume from 69
resume from 69
resume from 69
